<?xml version="1.0" encoding="UTF-8"?>
<!-- Generated by org.testng.reporters.JUnitReportReporter -->
<testsuite hostname="DESKTOP-TA5FSS4" name="test2.test2.Maventest1" tests="1" failures="0" timestamp="31 Aug 2021 10:06:14 GMT" time="6.164" errors="0">
  <testcase name="test" time="6.164" classname="test2.test2.Maventest1"/>
</testsuite> <!-- test2.test2.Maventest1 -->
